<!DOCTYPE html>

<html>
  <head>
  <meta charset='utf-8'>
  <title>TestNG reports</title>

    <link type="text/css" href="testng-reports1.css" rel="stylesheet" id="ultra" />
    <link type="text/css" href="testng-reports.css" rel="stylesheet" id="retro" disabled="false"/>
    <script type="text/javascript" src="jquery-3.6.0.min.js"></script>
    <script type="text/javascript" src="testng-reports.js"></script>
    <script type="text/javascript" src="https://www.google.com/jsapi"></script>
    <script type='text/javascript'>
      google.load('visualization', '1', {packages:['table']});
      google.setOnLoadCallback(drawTable);
      var suiteTableInitFunctions = new Array();
      var suiteTableData = new Array();
    </script>
    <!--
      <script type="text/javascript" src="jquery-ui/js/jquery-ui-1.8.16.custom.min.js"></script>
     -->
  </head>

  <body>    <div class="top-banner-root">
      <span class="top-banner-title-font">Test results</span>
      <button id="button" class="button">Switch Retro Theme</button> <!-- button -->
      <br/>
      <span class="top-banner-font-1">1 suite, 4 failed tests</span>
    </div> <!-- top-banner-root -->
    <div class="navigator-root">
      <div class="navigator-suite-header">
        <span>All suites</span>
        <a href="#" title="Collapse/expand all the suites" class="collapse-all-link">
          <img src="collapseall.gif" class="collapse-all-icon">
          </img> <!-- collapse-all-icon -->
        </a> <!-- collapse-all-link -->
      </div> <!-- navigator-suite-header -->
      <div class="suite">
        <div class="rounded-window">
          <div class="suite-header light-rounded-window-top">
            <a href="#" panel-name="suite-UI_Automation_Suite" class="navigator-link">
              <span class="suite-name border-failed">UI Automation Suite</span>
            </a> <!-- navigator-link -->
          </div> <!-- suite-header light-rounded-window-top -->
          <div class="navigator-suite-content">
            <div class="suite-section-title">
              <span>Info</span>
            </div> <!-- suite-section-title -->
            <div class="suite-section-content">
              <ul>
                <li>
                  <a href="#" panel-name="test-xml-UI_Automation_Suite" class="navigator-link ">
                    <span>testng.xml</span>
                  </a> <!-- navigator-link  -->
                </li>
                <li>
                  <a href="#" panel-name="testlist-UI_Automation_Suite" class="navigator-link ">
                    <span class="test-stats">1 test</span>
                  </a> <!-- navigator-link  -->
                </li>
                <li>
                  <a href="#" panel-name="group-UI_Automation_Suite" class="navigator-link ">
                    <span>0 groups</span>
                  </a> <!-- navigator-link  -->
                </li>
                <li>
                  <a href="#" panel-name="times-UI_Automation_Suite" class="navigator-link ">
                    <span>Times</span>
                  </a> <!-- navigator-link  -->
                </li>
                <li>
                  <a href="#" panel-name="reporter-UI_Automation_Suite" class="navigator-link ">
                    <span>Reporter output</span>
                  </a> <!-- navigator-link  -->
                </li>
                <li>
                  <a href="#" panel-name="ignored-methods-UI_Automation_Suite" class="navigator-link ">
                    <span>Ignored methods</span>
                  </a> <!-- navigator-link  -->
                </li>
                <li>
                  <a href="#" panel-name="chronological-UI_Automation_Suite" class="navigator-link ">
                    <span>Chronological view</span>
                  </a> <!-- navigator-link  -->
                </li>
              </ul>
            </div> <!-- suite-section-content -->
            <div class="result-section">
              <div class="suite-section-title">
                <span>Results</span>
              </div> <!-- suite-section-title -->
              <div class="suite-section-content">
                <ul>
                  <li>
                    <span class="method-stats">8 methods, 4 failed,   4 passed</span>
                  </li>
                  <li>
                    <span class="method-list-title failed">Failed methods</span>
                    <span class="show-or-hide-methods failed">
                      <a href="#" panel-name="suite-UI_Automation_Suite" class="hide-methods failed suite-UI_Automation_Suite"> (hide)</a> <!-- hide-methods failed suite-UI_Automation_Suite -->
                      <a href="#" panel-name="suite-UI_Automation_Suite" class="show-methods failed suite-UI_Automation_Suite"> (show)</a> <!-- show-methods failed suite-UI_Automation_Suite -->
                    </span>
                    <div class="method-list-content failed suite-UI_Automation_Suite">
                      <span>
                        <img src="failed.png" width="3%"/>
                        <a href="#" panel-name="suite-UI_Automation_Suite" title="tests.LoginTest" class="method navigator-link" hash-for-method="testInvalidCredentials">testInvalidCredentials</a> <!-- method navigator-link -->
                      </span>
                      <br/>
                      <span>
                        <img src="failed.png" width="3%"/>
                        <a href="#" panel-name="suite-UI_Automation_Suite" title="tests.LoginTest" class="method navigator-link" hash-for-method="testScreenInitializesCorrectly">testScreenInitializesCorrectly</a> <!-- method navigator-link -->
                      </span>
                      <br/>
                      <span>
                        <img src="failed.png" width="3%"/>
                        <a href="#" panel-name="suite-UI_Automation_Suite" title="tests.LoginTest" class="method navigator-link" hash-for-method="testSuccessfulLoginAsAdmin">testSuccessfulLoginAsAdmin</a> <!-- method navigator-link -->
                      </span>
                      <br/>
                      <span>
                        <img src="failed.png" width="3%"/>
                        <a href="#" panel-name="suite-UI_Automation_Suite" title="tests.LoginTest" class="method navigator-link" hash-for-method="testSuccessfulLoginAsStaff">testSuccessfulLoginAsStaff</a> <!-- method navigator-link -->
                      </span>
                      <br/>
                    </div> <!-- method-list-content failed suite-UI_Automation_Suite -->
                  </li>
                  <li>
                    <span class="method-list-title passed">Passed methods</span>
                    <span class="show-or-hide-methods passed">
                      <a href="#" panel-name="suite-UI_Automation_Suite" class="hide-methods passed suite-UI_Automation_Suite"> (hide)</a> <!-- hide-methods passed suite-UI_Automation_Suite -->
                      <a href="#" panel-name="suite-UI_Automation_Suite" class="show-methods passed suite-UI_Automation_Suite"> (show)</a> <!-- show-methods passed suite-UI_Automation_Suite -->
                    </span>
                    <div class="method-list-content passed suite-UI_Automation_Suite">
                      <span>
                        <img src="passed.png" width="3%"/>
                        <a href="#" panel-name="suite-UI_Automation_Suite" title="tests.LoginTest" class="method navigator-link" hash-for-method="testAccountInputMaxLength">testAccountInputMaxLength</a> <!-- method navigator-link -->
                      </span>
                      <br/>
                      <span>
                        <img src="passed.png" width="3%"/>
                        <a href="#" panel-name="suite-UI_Automation_Suite" title="tests.LoginTest" class="method navigator-link" hash-for-method="testPasswordInputMaxLength">testPasswordInputMaxLength</a> <!-- method navigator-link -->
                      </span>
                      <br/>
                      <span>
                        <img src="passed.png" width="3%"/>
                        <a href="#" panel-name="suite-UI_Automation_Suite" title="tests.LoginTest" class="method navigator-link" hash-for-method="testValidationMissingAccount">testValidationMissingAccount</a> <!-- method navigator-link -->
                      </span>
                      <br/>
                      <span>
                        <img src="passed.png" width="3%"/>
                        <a href="#" panel-name="suite-UI_Automation_Suite" title="tests.LoginTest" class="method navigator-link" hash-for-method="testValidationMissingPassword">testValidationMissingPassword</a> <!-- method navigator-link -->
                      </span>
                      <br/>
                    </div> <!-- method-list-content passed suite-UI_Automation_Suite -->
                  </li>
                </ul>
              </div> <!-- suite-section-content -->
            </div> <!-- result-section -->
          </div> <!-- navigator-suite-content -->
        </div> <!-- rounded-window -->
      </div> <!-- suite -->
    </div> <!-- navigator-root -->
    <div class="wrapper">
      <div class="main-panel-root">
        <div panel-name="suite-UI_Automation_Suite" class="panel UI_Automation_Suite">
          <div class="suite-UI_Automation_Suite-class-failed">
            <div class="main-panel-header rounded-window-top">
              <img src="failed.png"/>
              <span class="class-name">tests.LoginTest</span>
            </div> <!-- main-panel-header rounded-window-top -->
            <div class="main-panel-content rounded-window-bottom">
              <div class="method">
                <div class="method-content">
                  <a name="testInvalidCredentials">
                  </a> <!-- testInvalidCredentials -->
                  <span class="method-name">testInvalidCredentials</span>
                  <div class="stack-trace">java.lang.AssertionError: expected [Account not found or password incorrect.] but found [Account]
	at tests.LoginTest.testInvalidCredentials(LoginTest.java:82)
	at java.base/java.util.concurrent.Executors$RunnableAdapter.call(Executors.java:539)
	at java.base/java.util.concurrent.FutureTask.run(FutureTask.java:264)
	at java.base/java.util.concurrent.ThreadPoolExecutor.runWorker(ThreadPoolExecutor.java:1136)
	at java.base/java.util.concurrent.ThreadPoolExecutor$Worker.run(ThreadPoolExecutor.java:635)
	at java.base/java.lang.Thread.run(Thread.java:833)
... Removed 19 stack frames
</div> <!-- stack-trace -->
                  <em>
(TC08 - Invalid credentials)                  </em>
                </div> <!-- method-content -->
              </div> <!-- method -->
              <div class="method">
                <div class="method-content">
                  <a name="testScreenInitializesCorrectly">
                  </a> <!-- testScreenInitializesCorrectly -->
                  <span class="method-name">testScreenInitializesCorrectly</span>
                  <div class="stack-trace">java.lang.AssertionError: Login form should be displayed expected [true] but found [false]
	at tests.LoginTest.testScreenInitializesCorrectly(LoginTest.java:19)
	at java.base/java.util.concurrent.Executors$RunnableAdapter.call(Executors.java:539)
	at java.base/java.util.concurrent.FutureTask.run(FutureTask.java:264)
	at java.base/java.util.concurrent.ThreadPoolExecutor.runWorker(ThreadPoolExecutor.java:1136)
	at java.base/java.util.concurrent.ThreadPoolExecutor$Worker.run(ThreadPoolExecutor.java:635)
	at java.base/java.lang.Thread.run(Thread.java:833)
... Removed 16 stack frames
</div> <!-- stack-trace -->
                  <em>
(TC01 - Screen initializes correctly)                  </em>
                </div> <!-- method-content -->
              </div> <!-- method -->
              <div class="method">
                <div class="method-content">
                  <a name="testSuccessfulLoginAsAdmin">
                  </a> <!-- testSuccessfulLoginAsAdmin -->
                  <span class="method-name">testSuccessfulLoginAsAdmin</span>
                  <div class="stack-trace">org.openqa.selenium.StaleElementReferenceException: stale element reference: stale element not found
  (Session info: chrome=138.0.7204.169)
For documentation on this error, please visit: https://www.selenium.dev/documentation/webdriver/troubleshooting/errors#stale-element-reference-exception
Build info: version: &apos;4.21.0&apos;, revision: &apos;79ed462ef4&apos;
System info: os.name: &apos;Mac OS X&apos;, os.arch: &apos;aarch64&apos;, os.version: &apos;14.2.1&apos;, java.version: &apos;17.0.7&apos;
Driver info: org.openqa.selenium.chrome.ChromeDriver
Command: [95cbec6602d2f88172597fd5473a5a81, sendKeysToElement {id=f.CF55D5EDF931C8D18C7445053BEB5C9D.d.509F7595ABF817B114BE5D742E6CF008.e.43, value=[Ljava.lang.CharSequence;@50a86787}]
Capabilities {acceptInsecureCerts: false, browserName: chrome, browserVersion: 138.0.7204.169, chrome: {chromedriverVersion: 138.0.7204.168 (3e8d82e86e9..., userDataDir: /var/folders/kp/fmlbc39d23q...}, fedcm:accounts: true, goog:chromeOptions: {debuggerAddress: localhost:61638}, networkConnectionEnabled: false, pageLoadStrategy: normal, platformName: mac, proxy: Proxy(), se:cdp: ws://localhost:61638/devtoo..., se:cdpVersion: 138.0.7204.169, setWindowRect: true, strictFileInteractability: false, timeouts: {implicit: 0, pageLoad: 300000, script: 30000}, unhandledPromptBehavior: dismiss and notify, webauthn:extension:credBlob: true, webauthn:extension:largeBlob: true, webauthn:extension:minPinLength: true, webauthn:extension:prf: true, webauthn:virtualAuthenticators: true}
Element: [[ChromeDriver: chrome on mac (95cbec6602d2f88172597fd5473a5a81)] -&gt; id: account]
Session ID: 95cbec6602d2f88172597fd5473a5a81
	at org.openqa.selenium.remote.ErrorCodec.decode(ErrorCodec.java:167)
	at org.openqa.selenium.remote.codec.w3c.W3CHttpResponseCodec.decode(W3CHttpResponseCodec.java:138)
	at org.openqa.selenium.remote.codec.w3c.W3CHttpResponseCodec.decode(W3CHttpResponseCodec.java:50)
	at org.openqa.selenium.remote.HttpCommandExecutor.execute(HttpCommandExecutor.java:190)
	at org.openqa.selenium.remote.service.DriverCommandExecutor.invokeExecute(DriverCommandExecutor.java:216)
	at org.openqa.selenium.remote.service.DriverCommandExecutor.execute(DriverCommandExecutor.java:174)
	at org.openqa.selenium.remote.RemoteWebDriver.execute(RemoteWebDriver.java:518)
	at org.openqa.selenium.remote.RemoteWebElement.execute(RemoteWebElement.java:223)
	at org.openqa.selenium.remote.RemoteWebElement.sendKeys(RemoteWebElement.java:110)
	at pages.BasePage.type(BasePage.java:32)
	at pages.LoginPage.enterAccount(LoginPage.java:20)
	at tests.LoginTest.testSuccessfulLoginAsAdmin(LoginTest.java:60)
	at java.base/java.util.concurrent.Executors$RunnableAdapter.call(Executors.java:539)
	at java.base/java.util.concurrent.FutureTask.run(FutureTask.java:264)
	at java.base/java.util.concurrent.ThreadPoolExecutor.runWorker(ThreadPoolExecutor.java:1136)
	at java.base/java.util.concurrent.ThreadPoolExecutor$Worker.run(ThreadPoolExecutor.java:635)
	at java.base/java.lang.Thread.run(Thread.java:833)
... Removed 18 stack frames
</div> <!-- stack-trace -->
                  <em>
(TC06 - Successful login as Admin)                  </em>
                </div> <!-- method-content -->
              </div> <!-- method -->
              <div class="method">
                <div class="method-content">
                  <a name="testSuccessfulLoginAsStaff">
                  </a> <!-- testSuccessfulLoginAsStaff -->
                  <span class="method-name">testSuccessfulLoginAsStaff</span>
                  <div class="stack-trace">org.openqa.selenium.StaleElementReferenceException: stale element reference: stale element not found
  (Session info: chrome=138.0.7204.169)
For documentation on this error, please visit: https://www.selenium.dev/documentation/webdriver/troubleshooting/errors#stale-element-reference-exception
Build info: version: &apos;4.21.0&apos;, revision: &apos;79ed462ef4&apos;
System info: os.name: &apos;Mac OS X&apos;, os.arch: &apos;aarch64&apos;, os.version: &apos;14.2.1&apos;, java.version: &apos;17.0.7&apos;
Driver info: org.openqa.selenium.chrome.ChromeDriver
Command: [95cbec6602d2f88172597fd5473a5a81, sendKeysToElement {id=f.CF55D5EDF931C8D18C7445053BEB5C9D.d.5B30AD9338D7DC8A5B9959A646810C6E.e.52, value=[Ljava.lang.CharSequence;@52a87c52}]
Capabilities {acceptInsecureCerts: false, browserName: chrome, browserVersion: 138.0.7204.169, chrome: {chromedriverVersion: 138.0.7204.168 (3e8d82e86e9..., userDataDir: /var/folders/kp/fmlbc39d23q...}, fedcm:accounts: true, goog:chromeOptions: {debuggerAddress: localhost:61638}, networkConnectionEnabled: false, pageLoadStrategy: normal, platformName: mac, proxy: Proxy(), se:cdp: ws://localhost:61638/devtoo..., se:cdpVersion: 138.0.7204.169, setWindowRect: true, strictFileInteractability: false, timeouts: {implicit: 0, pageLoad: 300000, script: 30000}, unhandledPromptBehavior: dismiss and notify, webauthn:extension:credBlob: true, webauthn:extension:largeBlob: true, webauthn:extension:minPinLength: true, webauthn:extension:prf: true, webauthn:virtualAuthenticators: true}
Element: [[ChromeDriver: chrome on mac (95cbec6602d2f88172597fd5473a5a81)] -&gt; id: account]
Session ID: 95cbec6602d2f88172597fd5473a5a81
	at org.openqa.selenium.remote.ErrorCodec.decode(ErrorCodec.java:167)
	at org.openqa.selenium.remote.codec.w3c.W3CHttpResponseCodec.decode(W3CHttpResponseCodec.java:138)
	at org.openqa.selenium.remote.codec.w3c.W3CHttpResponseCodec.decode(W3CHttpResponseCodec.java:50)
	at org.openqa.selenium.remote.HttpCommandExecutor.execute(HttpCommandExecutor.java:190)
	at org.openqa.selenium.remote.service.DriverCommandExecutor.invokeExecute(DriverCommandExecutor.java:216)
	at org.openqa.selenium.remote.service.DriverCommandExecutor.execute(DriverCommandExecutor.java:174)
	at org.openqa.selenium.remote.RemoteWebDriver.execute(RemoteWebDriver.java:518)
	at org.openqa.selenium.remote.RemoteWebElement.execute(RemoteWebElement.java:223)
	at org.openqa.selenium.remote.RemoteWebElement.sendKeys(RemoteWebElement.java:110)
	at pages.BasePage.type(BasePage.java:32)
	at pages.LoginPage.enterAccount(LoginPage.java:20)
	at tests.LoginTest.testSuccessfulLoginAsStaff(LoginTest.java:69)
	at java.base/java.util.concurrent.Executors$RunnableAdapter.call(Executors.java:539)
	at java.base/java.util.concurrent.FutureTask.run(FutureTask.java:264)
	at java.base/java.util.concurrent.ThreadPoolExecutor.runWorker(ThreadPoolExecutor.java:1136)
	at java.base/java.util.concurrent.ThreadPoolExecutor$Worker.run(ThreadPoolExecutor.java:635)
	at java.base/java.lang.Thread.run(Thread.java:833)
... Removed 18 stack frames
</div> <!-- stack-trace -->
                  <em>
(TC07 - Successful login as Staff)                  </em>
                </div> <!-- method-content -->
              </div> <!-- method -->
            </div> <!-- main-panel-content rounded-window-bottom -->
          </div> <!-- suite-UI_Automation_Suite-class-failed -->
          <div class="suite-UI_Automation_Suite-class-passed">
            <div class="main-panel-header rounded-window-top">
              <img src="passed.png"/>
              <span class="class-name">tests.LoginTest</span>
            </div> <!-- main-panel-header rounded-window-top -->
            <div class="main-panel-content rounded-window-bottom">
              <div class="method">
                <div class="method-content">
                  <a name="testAccountInputMaxLength">
                  </a> <!-- testAccountInputMaxLength -->
                  <span class="method-name">testAccountInputMaxLength</span>
                  <em>
(TC02 - Account input max length 10)                  </em>
                </div> <!-- method-content -->
              </div> <!-- method -->
              <div class="method">
                <div class="method-content">
                  <a name="testPasswordInputMaxLength">
                  </a> <!-- testPasswordInputMaxLength -->
                  <span class="method-name">testPasswordInputMaxLength</span>
                  <em>
(TC03 - Password input max length 10)                  </em>
                </div> <!-- method-content -->
              </div> <!-- method -->
              <div class="method">
                <div class="method-content">
                  <a name="testValidationMissingAccount">
                  </a> <!-- testValidationMissingAccount -->
                  <span class="method-name">testValidationMissingAccount</span>
                  <em>
(TC04 - Validation missing Account)                  </em>
                </div> <!-- method-content -->
              </div> <!-- method -->
              <div class="method">
                <div class="method-content">
                  <a name="testValidationMissingPassword">
                  </a> <!-- testValidationMissingPassword -->
                  <span class="method-name">testValidationMissingPassword</span>
                  <em>
(TC05 - Validation missing Password)                  </em>
                </div> <!-- method-content -->
              </div> <!-- method -->
            </div> <!-- main-panel-content rounded-window-bottom -->
          </div> <!-- suite-UI_Automation_Suite-class-passed -->
        </div> <!-- panel UI_Automation_Suite -->
        <div panel-name="test-xml-UI_Automation_Suite" class="panel">
          <div class="main-panel-header rounded-window-top">
            <span class="header-content">/Users/cuongnv31/Downloads/demotest/testng.xml</span>
          </div> <!-- main-panel-header rounded-window-top -->
          <div class="main-panel-content rounded-window-bottom">
            <pre>
&lt;?xml version=&quot;1.0&quot; encoding=&quot;UTF-8&quot;?&gt;
&lt;!DOCTYPE suite SYSTEM &quot;https://testng.org/testng-1.0.dtd&quot;&gt;
&lt;suite thread-count=&quot;2&quot; parallel=&quot;methods&quot; name=&quot;UI Automation Suite&quot; guice-stage=&quot;DEVELOPMENT&quot; verbose=&quot;0&quot;&gt;
  &lt;listeners&gt;
    &lt;listener class-name=&quot;io.qameta.allure.testng.AllureTestNg&quot;/&gt;
  &lt;/listeners&gt;
  &lt;test thread-count=&quot;2&quot; parallel=&quot;methods&quot; name=&quot;Login Test&quot; verbose=&quot;0&quot;&gt;
    &lt;classes&gt;
      &lt;class name=&quot;tests.LoginTest&quot;/&gt;
    &lt;/classes&gt;
  &lt;/test&gt; &lt;!-- Login Test --&gt;
&lt;/suite&gt; &lt;!-- UI Automation Suite --&gt;
            </pre>
          </div> <!-- main-panel-content rounded-window-bottom -->
        </div> <!-- panel -->
        <div panel-name="testlist-UI_Automation_Suite" class="panel">
          <div class="main-panel-header rounded-window-top">
            <span class="header-content">Tests for UI Automation Suite</span>
          </div> <!-- main-panel-header rounded-window-top -->
          <div class="main-panel-content rounded-window-bottom">
            <ul>
              <li>
                <span class="test-name">Login Test (1 class)</span>
              </li>
            </ul>
          </div> <!-- main-panel-content rounded-window-bottom -->
        </div> <!-- panel -->
        <div panel-name="group-UI_Automation_Suite" class="panel">
          <div class="main-panel-header rounded-window-top">
            <span class="header-content">Groups for UI Automation Suite</span>
          </div> <!-- main-panel-header rounded-window-top -->
          <div class="main-panel-content rounded-window-bottom">
          </div> <!-- main-panel-content rounded-window-bottom -->
        </div> <!-- panel -->
        <div panel-name="times-UI_Automation_Suite" class="panel">
          <div class="main-panel-header rounded-window-top">
            <span class="header-content">Times for UI Automation Suite</span>
          </div> <!-- main-panel-header rounded-window-top -->
          <div class="main-panel-content rounded-window-bottom">
            <div class="times-div">
              <script type="text/javascript">
suiteTableInitFunctions.push('tableData_UI_Automation_Suite');
function tableData_UI_Automation_Suite() {
var data = new google.visualization.DataTable();
data.addColumn('number', 'Number');
data.addColumn('string', 'Method');
data.addColumn('string', 'Class');
data.addColumn('number', 'Time (ms)');
data.addRows(8);
data.setCell(0, 0, 0)
data.setCell(0, 1, 'testInvalidCredentials')
data.setCell(0, 2, 'tests.LoginTest')
data.setCell(0, 3, 900);
data.setCell(1, 0, 1)
data.setCell(1, 1, 'testValidationMissingAccount')
data.setCell(1, 2, 'tests.LoginTest')
data.setCell(1, 3, 651);
data.setCell(2, 0, 2)
data.setCell(2, 1, 'testAccountInputMaxLength')
data.setCell(2, 2, 'tests.LoginTest')
data.setCell(2, 3, 452);
data.setCell(3, 0, 3)
data.setCell(3, 1, 'testSuccessfulLoginAsAdmin')
data.setCell(3, 2, 'tests.LoginTest')
data.setCell(3, 3, 442);
data.setCell(4, 0, 4)
data.setCell(4, 1, 'testSuccessfulLoginAsStaff')
data.setCell(4, 2, 'tests.LoginTest')
data.setCell(4, 3, 409);
data.setCell(5, 0, 5)
data.setCell(5, 1, 'testScreenInitializesCorrectly')
data.setCell(5, 2, 'tests.LoginTest')
data.setCell(5, 3, 391);
data.setCell(6, 0, 6)
data.setCell(6, 1, 'testValidationMissingPassword')
data.setCell(6, 2, 'tests.LoginTest')
data.setCell(6, 3, 371);
data.setCell(7, 0, 7)
data.setCell(7, 1, 'testPasswordInputMaxLength')
data.setCell(7, 2, 'tests.LoginTest')
data.setCell(7, 3, 130);
window.suiteTableData['UI_Automation_Suite']= { tableData: data, tableDiv: 'times-div-UI_Automation_Suite'}
return data;
}
              </script>
              <span class="suite-total-time">Total running time: 3 seconds</span>
              <div id="times-div-UI_Automation_Suite">
              </div> <!-- times-div-UI_Automation_Suite -->
            </div> <!-- times-div -->
          </div> <!-- main-panel-content rounded-window-bottom -->
        </div> <!-- panel -->
        <div panel-name="reporter-UI_Automation_Suite" class="panel">
          <div class="main-panel-header rounded-window-top">
            <span class="header-content">Reporter output for UI Automation Suite</span>
          </div> <!-- main-panel-header rounded-window-top -->
          <div class="main-panel-content rounded-window-bottom">
          </div> <!-- main-panel-content rounded-window-bottom -->
        </div> <!-- panel -->
        <div panel-name="ignored-methods-UI_Automation_Suite" class="panel">
          <div class="main-panel-header rounded-window-top">
            <span class="header-content">0 ignored methods</span>
          </div> <!-- main-panel-header rounded-window-top -->
          <div class="main-panel-content rounded-window-bottom">
          </div> <!-- main-panel-content rounded-window-bottom -->
        </div> <!-- panel -->
        <div panel-name="chronological-UI_Automation_Suite" class="panel">
          <div class="main-panel-header rounded-window-top">
            <span class="header-content">Methods in chronological order</span>
          </div> <!-- main-panel-header rounded-window-top -->
          <div class="main-panel-content rounded-window-bottom">
            <div class="chronological-class">
              <div class="chronological-class-name">tests.LoginTest</div> <!-- chronological-class-name -->
              <div class="configuration-class before">
                <span class="method-name">setup</span>
                <span class="method-start">0 ms</span>
              </div> <!-- configuration-class before -->
              <div class="configuration-method before">
                <span class="method-name">setUpTest</span>
                <span class="method-start">11736 ms</span>
              </div> <!-- configuration-method before -->
              <div class="configuration-method before">
                <span class="method-name">setUpTest</span>
                <span class="method-start">11736 ms</span>
              </div> <!-- configuration-method before -->
              <div class="test-method">
                <span class="method-name">testAccountInputMaxLength</span>
                <span class="method-start">12159 ms</span>
              </div> <!-- test-method -->
              <div class="test-method">
                <img src="failed.png">
                </img>
                <span class="method-name">testInvalidCredentials</span>
                <span class="method-start">12420 ms</span>
              </div> <!-- test-method -->
              <div class="configuration-method after">
                <span class="method-name">captureScreenshot([TestResult name=testAccountInputMaxLength status=SUCCESS method=LoginTest.testAccountInputMaxLength...)</span>
                <span class="method-start">12617 ms</span>
              </div> <!-- configuration-method after -->
              <div class="configuration-method before">
                <span class="method-name">setUpTest</span>
                <span class="method-start">12745 ms</span>
              </div> <!-- configuration-method before -->
              <div class="test-method">
                <span class="method-name">testPasswordInputMaxLength</span>
                <span class="method-start">13086 ms</span>
              </div> <!-- test-method -->
              <div class="configuration-method after">
                <span class="method-name">captureScreenshot([TestResult name=testPasswordInputMaxLength status=SUCCESS method=LoginTest.testPasswordInputMaxLeng...)</span>
                <span class="method-start">13217 ms</span>
              </div> <!-- configuration-method after -->
              <div class="configuration-method before">
                <span class="method-name">setUpTest</span>
                <span class="method-start">13313 ms</span>
              </div> <!-- configuration-method before -->
              <div class="configuration-method after">
                <span class="method-name">captureScreenshot([TestResult name=testInvalidCredentials status=FAILURE method=LoginTest.testInvalidCredentials()[pri...)</span>
                <span class="method-start">13324 ms</span>
              </div> <!-- configuration-method after -->
              <div class="test-method">
                <img src="failed.png">
                </img>
                <span class="method-name">testScreenInitializesCorrectly</span>
                <span class="method-start">13609 ms</span>
              </div> <!-- test-method -->
              <div class="configuration-method before">
                <span class="method-name">setUpTest</span>
                <span class="method-start">13710 ms</span>
              </div> <!-- configuration-method before -->
              <div class="test-method">
                <img src="failed.png">
                </img>
                <span class="method-name">testSuccessfulLoginAsAdmin</span>
                <span class="method-start">13993 ms</span>
              </div> <!-- test-method -->
              <div class="configuration-method after">
                <span class="method-name">captureScreenshot([TestResult name=testScreenInitializesCorrectly status=FAILURE method=LoginTest.testScreenInitialize...)</span>
                <span class="method-start">14002 ms</span>
              </div> <!-- configuration-method after -->
              <div class="configuration-method before">
                <span class="method-name">setUpTest</span>
                <span class="method-start">14127 ms</span>
              </div> <!-- configuration-method before -->
              <div class="test-method">
                <img src="failed.png">
                </img>
                <span class="method-name">testSuccessfulLoginAsStaff</span>
                <span class="method-start">14431 ms</span>
              </div> <!-- test-method -->
              <div class="configuration-method after">
                <span class="method-name">captureScreenshot([TestResult name=testSuccessfulLoginAsAdmin status=FAILURE method=LoginTest.testSuccessfulLoginAsAdm...)</span>
                <span class="method-start">14438 ms</span>
              </div> <!-- configuration-method after -->
              <div class="configuration-method before">
                <span class="method-name">setUpTest</span>
                <span class="method-start">14544 ms</span>
              </div> <!-- configuration-method before -->
              <div class="test-method">
                <span class="method-name">testValidationMissingAccount</span>
                <span class="method-start">14833 ms</span>
              </div> <!-- test-method -->
              <div class="configuration-method after">
                <span class="method-name">captureScreenshot([TestResult name=testSuccessfulLoginAsStaff status=FAILURE method=LoginTest.testSuccessfulLoginAsSta...)</span>
                <span class="method-start">14843 ms</span>
              </div> <!-- configuration-method after -->
              <div class="configuration-method before">
                <span class="method-name">setUpTest</span>
                <span class="method-start">14943 ms</span>
              </div> <!-- configuration-method before -->
              <div class="test-method">
                <span class="method-name">testValidationMissingPassword</span>
                <span class="method-start">15231 ms</span>
              </div> <!-- test-method -->
              <div class="configuration-method after">
                <span class="method-name">captureScreenshot([TestResult name=testValidationMissingAccount status=SUCCESS method=LoginTest.testValidationMissingA...)</span>
                <span class="method-start">15485 ms</span>
              </div> <!-- configuration-method after -->
              <div class="configuration-method after">
                <span class="method-name">captureScreenshot([TestResult name=testValidationMissingPassword status=SUCCESS method=LoginTest.testValidationMissing...)</span>
                <span class="method-start">15603 ms</span>
              </div> <!-- configuration-method after -->
              <div class="configuration-class after">
                <span class="method-name">tearDown</span>
                <span class="method-start">15709 ms</span>
              </div> <!-- configuration-class after -->
          </div> <!-- main-panel-content rounded-window-bottom -->
        </div> <!-- panel -->
      </div> <!-- main-panel-root -->
    </div> <!-- wrapper -->
  </body>
<script type="text/javascript" src="testng-reports2.js"></script>
</html>
